Build started 12/16/2012 21:49:06.
     1>Project "C:\Users\Matthias\Google Drive\Programmieren\C++\VierGewinnt\VierGewinnt\VierGewinnt.vcxproj" on node 2 (build target(s)).
     1>InitializeBuildStatus:
         Creating "Debug\VierGewinnt.unsuccessfulbuild" because "AlwaysCreate" was specified.
       ClCompile:
         C:\Program Files (x86)\Microsoft Visual Studio 10.0\VC\bin\CL.exe /c /ZI /nologo /W3 /WX- /Od /Oy- /D WIN32 /D _DEBUG /D _CONSOLE /D _UNICODE /D UNICODE /Gm /EHsc /RTC1 /MDd /GS /fp:precise /Zc:wchar_t /Zc:forScope /Yc"StdAfx.h" /Fp"Debug\VierGewinnt.pch" /Fo"Debug\\" /Fd"Debug\vc100.pdb" /Gd /TP /analyze- /errorReport:prompt stdafx.cpp
         stdafx.cpp
         C:\Program Files (x86)\Microsoft Visual Studio 10.0\VC\bin\CL.exe /c /ZI /nologo /W3 /WX- /Od /Oy- /D WIN32 /D _DEBUG /D _CONSOLE /D _UNICODE /D UNICODE /Gm /EHsc /RTC1 /MDd /GS /fp:precise /Zc:wchar_t /Zc:forScope /Yu"StdAfx.h" /Fp"Debug\VierGewinnt.pch" /Fo"Debug\\" /Fd"Debug\vc100.pdb" /Gd /TP /analyze- /errorReport:prompt VierGewinnt.cpp
         VierGewinnt.cpp
       ManifestResourceCompile:
         C:\Program Files (x86)\Microsoft SDKs\Windows\v7.0A\bin\rc.exe /nologo /fo"Debug\VierGewinnt.exe.embed.manifest.res" Debug\VierGewinnt_manifest.rc 
       Link:
         C:\Program Files (x86)\Microsoft Visual Studio 10.0\VC\bin\link.exe /ERRORREPORT:PROMPT /OUT:"C:\Users\Matthias\Google Drive\Programmieren\C++\VierGewinnt\Debug\VierGewinnt.exe" /INCREMENTAL /NOLOGO kernel32.lib user32.lib gdi32.lib winspool.lib comdlg32.lib advapi32.lib shell32.lib ole32.lib oleaut32.lib uuid.lib odbc32.lib odbccp32.lib /MANIFEST /ManifestFile:"Debug\VierGewinnt.exe.intermediate.manifest" /MANIFESTUAC:"level='asInvoker' uiAccess='false'" /DEBUG /PDB:"C:\Users\Matthias\Google Drive\Programmieren\C++\VierGewinnt\Debug\VierGewinnt.pdb" /SUBSYSTEM:CONSOLE /TLBID:1 /DYNAMICBASE /NXCOMPAT /IMPLIB:"C:\Users\Matthias\Google Drive\Programmieren\C++\VierGewinnt\Debug\VierGewinnt.lib" /MACHINE:X86 Debug\VierGewinnt.exe.embed.manifest.res
         Debug\stdafx.obj
         Debug\VierGewinnt.obj
         LINK : C:\Users\Matthias\Google Drive\Programmieren\C++\VierGewinnt\Debug\VierGewinnt.exe not found or not built by the last incremental link; performing full link
       Manifest:
         C:\Program Files (x86)\Microsoft SDKs\Windows\v7.0A\bin\mt.exe /nologo /verbose /out:"Debug\VierGewinnt.exe.embed.manifest" /manifest Debug\VierGewinnt.exe.intermediate.manifest
         All outputs are up-to-date.
       LinkEmbedManifest:
         All outputs are up-to-date.
         VierGewinnt.vcxproj -> C:\Users\Matthias\Google Drive\Programmieren\C++\VierGewinnt\Debug\VierGewinnt.exe
       FinalizeBuildStatus:
         Deleting file "Debug\VierGewinnt.unsuccessfulbuild".
         Touching "Debug\VierGewinnt.lastbuildstate".
     1>Done Building Project "C:\Users\Matthias\Google Drive\Programmieren\C++\VierGewinnt\VierGewinnt\VierGewinnt.vcxproj" (build target(s)).

Build succeeded.

Time Elapsed 00:00:02.51
